<?xml version="1.0" encoding="UTF-8"?>
<testsuite name="com.practice.junit.service.UserServiceTest$LoginTest" tests="4" skipped="0" failures="0" errors="0" timestamp="2023-03-10T12:11:34" hostname="MacBook-Pro-Eugene.local" time="0.105">
  <properties/>
  <testcase name="Ivan, 123, Optional[User(id=1, username=Ivan, password=123)] test" classname="com.practice.junit.service.UserServiceTest$LoginTest" time="0.091"/>
  <testcase name="Petro, 345, Optional[User(id=2, username=Petro, password=345)] test" classname="com.practice.junit.service.UserServiceTest$LoginTest" time="0.003"/>
  <testcase name="Petro, dummy, Optional.empty test" classname="com.practice.junit.service.UserServiceTest$LoginTest" time="0.002"/>
  <testcase name="dummy, 345, Optional.empty test" classname="com.practice.junit.service.UserServiceTest$LoginTest" time="0.002"/>
  <system-out><![CDATA[Before Each: com.practice.junit.service.UserServiceTest@4f32a3ad
After Each: com.practice.junit.service.UserServiceTest@4f32a3ad

Before Each: com.practice.junit.service.UserServiceTest@4f32a3ad
After Each: com.practice.junit.service.UserServiceTest@4f32a3ad

Before Each: com.practice.junit.service.UserServiceTest@4f32a3ad
After Each: com.practice.junit.service.UserServiceTest@4f32a3ad

Before Each: com.practice.junit.service.UserServiceTest@4f32a3ad
After Each: com.practice.junit.service.UserServiceTest@4f32a3ad

]]></system-out>
  <system-err><![CDATA[]]></system-err>
</testsuite>
