<?xml version="1.0" encoding="UTF-8"?>
<testsuite name="com.practice.junit.service.UserServiceTest$LoginTest" tests="4" skipped="0" failures="0" errors="0" timestamp="2023-03-02T11:01:40" hostname="MacBook-Pro-Eugene.local" time="0.018">
  <properties/>
  <testcase name="loginSuccessIfUserExists()" classname="com.practice.junit.service.UserServiceTest$LoginTest" time="0.005"/>
  <testcase name="loginFailIfPasswordIsNotCorrect()" classname="com.practice.junit.service.UserServiceTest$LoginTest" time="0.001"/>
  <testcase name="throwExceptionsIfUserOrPasswordIsnull()" classname="com.practice.junit.service.UserServiceTest$LoginTest" time="0.006"/>
  <testcase name="loginFailedIfUserDoesNotExist()" classname="com.practice.junit.service.UserServiceTest$LoginTest" time="0.002"/>
  <system-out><![CDATA[Before Each: com.practice.junit.service.UserServiceTest@273444fe
Test 3: com.practice.junit.service.UserServiceTest$LoginTest@30b6ffe0
After Each: com.practice.junit.service.UserServiceTest@273444fe

Before Each: com.practice.junit.service.UserServiceTest@273444fe
Test 4: com.practice.junit.service.UserServiceTest$LoginTest@3336e6b6
After Each: com.practice.junit.service.UserServiceTest@273444fe

Before Each: com.practice.junit.service.UserServiceTest@273444fe
After Each: com.practice.junit.service.UserServiceTest@273444fe

Before Each: com.practice.junit.service.UserServiceTest@273444fe
Test 5: com.practice.junit.service.UserServiceTest$LoginTest@3fce8fd9
After Each: com.practice.junit.service.UserServiceTest@273444fe

]]></system-out>
  <system-err><![CDATA[]]></system-err>
</testsuite>
