<?xml version="1.0" encoding="UTF-8"?>
<testsuite name="com.practice.junit.service.UserServiceTest" tests="0" skipped="0" failures="0" errors="0" timestamp="1970-01-01T00:00:00" hostname="MacBook-Pro-Eugene.local" time="0.0">
  <properties/>
  <system-out><![CDATA[
Before All: com.practice.junit.service.UserServiceTest@5a59ca5e

After All: com.practice.junit.service.UserServiceTest@5a59ca5e
]]></system-out>
  <system-err><![CDATA[]]></system-err>
</testsuite>
