<?xml version="1.0" encoding="UTF-8"?>
<testsuite name="com.practice.junit.service.UserServiceTest$LoginTest" tests="4" skipped="0" failures="0" errors="0" timestamp="2023-03-02T19:47:38" hostname="MacBook-Pro-Eugene.local" time="0.089">
  <properties/>
  <testcase name="Ivan, 123, Optional[User(id=1, username=Ivan, password=123)] test" classname="com.practice.junit.service.UserServiceTest$LoginTest" time="0.069"/>
  <testcase name="Petro, 345, Optional[User(id=2, username=Petro, password=345)] test" classname="com.practice.junit.service.UserServiceTest$LoginTest" time="0.003"/>
  <testcase name="Petro, dummy, Optional.empty test" classname="com.practice.junit.service.UserServiceTest$LoginTest" time="0.003"/>
  <testcase name="dummy, 345, Optional.empty test" classname="com.practice.junit.service.UserServiceTest$LoginTest" time="0.004"/>
  <system-out><![CDATA[Before Each: com.practice.junit.service.UserServiceTest@5a59ca5e
After Each: com.practice.junit.service.UserServiceTest@5a59ca5e

Before Each: com.practice.junit.service.UserServiceTest@5a59ca5e
After Each: com.practice.junit.service.UserServiceTest@5a59ca5e

Before Each: com.practice.junit.service.UserServiceTest@5a59ca5e
After Each: com.practice.junit.service.UserServiceTest@5a59ca5e

Before Each: com.practice.junit.service.UserServiceTest@5a59ca5e
After Each: com.practice.junit.service.UserServiceTest@5a59ca5e

]]></system-out>
  <system-err><![CDATA[]]></system-err>
</testsuite>
